<?xml version="1.0" encoding="utf-8" standalone="no"?>
<test-results xmlns:xsi="http://www.w3.org/2001/XMLSchema-instance" xsi:noNamespaceSchemaLocation="nunit_schema_2.5.xsd" name="Pester" total="21" errors="0" failures="0" not-run="0" inconclusive="0" ignored="0" skipped="0" invalid="0" date="2019-10-08" time="19:00:21">
  <environment clr-version="4.0.30319.42000" user-domain="APPVYR-WIN" cwd="C:\projects\Validate-DCB" platform="Microsoft Windows Server 2016 Datacenter|C:\Windows|\Device\Harddisk0\Partition4" machine-name="APPVYR-WIN" nunit-version="2.5.8.0" os-version="10.0.14393" user="appveyor" />
  <culture-info current-culture="en-US" current-uiculture="en-US" />
  <test-suite type="TestFixture" name="Pester" executed="True" result="Success" success="True" time="11.6214" asserts="0" description="Pester">
    <results>
      <test-suite type="TestFixture" name="C:\projects\Validate-DCB\tests\build\unit\unit.build.tests.ps1" executed="True" result="Success" success="True" time="11.6214" asserts="0" description="C:\projects\Validate-DCB\tests\build\unit\unit.build.tests.ps1">
        <results>
          <test-suite type="TestFixture" name="Validate-DCB-Manifest" executed="True" result="Success" success="True" time="11.4086" asserts="0" description="Validate-DCB-Manifest">
            <results>
              <test-suite type="TestFixture" name="Manifest-Validation" executed="True" result="Success" success="True" time="0.8098" asserts="0" description="Manifest-Validation">
                <results>
                  <test-case description="[Import-PowerShellDataFile] - Validate-DCB.psd1 is a valid PowerShell Data File" name="Validate-DCB-Manifest.Manifest-Validation.[Import-PowerShellDataFile] - Validate-DCB.psd1 is a valid PowerShell Data File" time="0.2487" asserts="0" success="True" result="Success" executed="True" />
                  <test-case description="[Test-ModuleManifest] - Validate-DCB.psd1 should pass the basic test" name="Validate-DCB-Manifest.Manifest-Validation.[Test-ModuleManifest] - Validate-DCB.psd1 should pass the basic test" time="0.0072" asserts="0" success="True" result="Success" executed="True" />
                  <test-case description="Should have the Validate-DCB function available" name="Validate-DCB-Manifest.Manifest-Validation.Should have the Validate-DCB function available" time="0.0082" asserts="0" success="True" result="Success" executed="True" />
                  <test-case description="[Import-PowerShellDataFile] - Drivers.psd1 is a valid PowerShell Data File" name="Validate-DCB-Manifest.Manifest-Validation.[Import-PowerShellDataFile] - Drivers.psd1 is a valid PowerShell Data File" time="0.0049" asserts="0" success="True" result="Success" executed="True" />
                </results>
              </test-suite>
              <test-suite type="TestFixture" name="Required Modules" executed="True" result="Success" success="True" time="9.3777" asserts="0" description="Required Modules">
                <results>
                  <test-case description="Should specify at least 5 modules" name="Validate-DCB-Manifest.Required Modules.Should specify at least 5 modules" time="0.0279" asserts="0" success="True" result="Success" executed="True" />
                  <test-case description="Should contain the NetworkingDSC Module" name="Validate-DCB-Manifest.Required Modules.Should contain the NetworkingDSC Module" time="0.1162" asserts="0" success="True" result="Success" executed="True" />
                  <test-case description="The NetworkingDSC module should be available in the PowerShell gallery" name="Validate-DCB-Manifest.Required Modules.The NetworkingDSC module should be available in the PowerShell gallery" time="0.0077" asserts="0" success="True" result="Success" executed="True" />
                  <test-case description="Should contain the xHyper-V Module" name="Validate-DCB-Manifest.Required Modules.Should contain the xHyper-V Module" time="0.0036" asserts="0" success="True" result="Success" executed="True" />
                  <test-case description="The xHyper-V module should be available in the PowerShell gallery" name="Validate-DCB-Manifest.Required Modules.The xHyper-V module should be available in the PowerShell gallery" time="0.0055" asserts="0" success="True" result="Success" executed="True" />
                  <test-case description="Should contain the VMNetworkAdapter Module" name="Validate-DCB-Manifest.Required Modules.Should contain the VMNetworkAdapter Module" time="0.0037" asserts="0" success="True" result="Success" executed="True" />
                  <test-case description="The VMNetworkAdapter module should be available in the PowerShell gallery" name="Validate-DCB-Manifest.Required Modules.The VMNetworkAdapter module should be available in the PowerShell gallery" time="0.0029" asserts="0" success="True" result="Success" executed="True" />
                  <test-case description="Should contain the DataCenterBridging Module" name="Validate-DCB-Manifest.Required Modules.Should contain the DataCenterBridging Module" time="0.0032" asserts="0" success="True" result="Success" executed="True" />
                  <test-case description="The DataCenterBridging module should be available in the PowerShell gallery" name="Validate-DCB-Manifest.Required Modules.The DataCenterBridging module should be available in the PowerShell gallery" time="0.0029" asserts="0" success="True" result="Success" executed="True" />
                  <test-case description="Should contain the Pester Module" name="Validate-DCB-Manifest.Required Modules.Should contain the Pester Module" time="0.005" asserts="0" success="True" result="Success" executed="True" />
                  <test-case description="The Pester module should be available in the PowerShell gallery" name="Validate-DCB-Manifest.Required Modules.The Pester module should be available in the PowerShell gallery" time="0.0032" asserts="0" success="True" result="Success" executed="True" />
                </results>
              </test-suite>
              <test-suite type="TestFixture" name="ExportedContent" executed="True" result="Success" success="True" time="0.59" asserts="0" description="ExportedContent">
                <results>
                  <test-case description="Should have an alias named Validate-DCB" name="Validate-DCB-Manifest.ExportedContent.Should have an alias named Validate-DCB" time="0.0165" asserts="0" success="True" result="Success" executed="True" />
                  <test-case description="Should reference Assert-DCBValidation" name="Validate-DCB-Manifest.ExportedContent.Should reference Assert-DCBValidation" time="0.01" asserts="0" success="True" result="Success" executed="True" />
                  <test-case description="Should default the TestScope param to All" name="Validate-DCB-Manifest.ExportedContent.Should default the TestScope param to All" time="0.3324" asserts="0" success="True" result="Success" executed="True" />
                  <test-case description="Should default the ContinueOnFailure param to $false" name="Validate-DCB-Manifest.ExportedContent.Should default the ContinueOnFailure param to $false" time="0.0618" asserts="0" success="True" result="Success" executed="True" />
                  <test-case description="Should default the LaunchUI param to $true" name="Validate-DCB-Manifest.ExportedContent.Should default the LaunchUI param to $true" time="0.0623" asserts="0" success="True" result="Success" executed="True" />
                  <test-case description="Should default the Deploy param to $false" name="Validate-DCB-Manifest.ExportedContent.Should default the Deploy param to $false" time="0.0539" asserts="0" success="True" result="Success" executed="True" />
                </results>
              </test-suite>
            </results>
          </test-suite>
        </results>
      </test-suite>
    </results>
  </test-suite>
</test-results>